
#################   Labeled Set  #################


Generated diseases


Breast Cancer
Neurofibromatosis
Cystic fibrosis
Osteogenesis imperfecta
muscular atrophy
Bardet-Biedl syndrome


Original Labels

[5 5 5 5 5 5 5 5 5 5 5 5 5 5 5 5 5 5 5 5 5 5 5 2 2 2 2 2 2 2 2 2 3 3 3 3 3
 3 3 3 3 3 3 3 3 3 3 3 1 1 1 1 1 1 1 1 1 1 1 1 1 1 1 1 1 1 1 1 1 1 1 1 1 1
 1 1 1 1 1 1 4 4 4 4 4 4 0 0 0 0 0 0 0 0 0 0 0 0 0 0 0 0 0]


Cluster Labels

[0 0 0 0 0 0 0 0 0 0 0 0 0 0 0 0 0 0 0 0 0 0 0 1 1 1 1 1 1 1 1 1 3 3 3 3 3
 3 3 3 3 3 3 3 3 3 3 3 2 2 2 2 2 2 2 2 2 2 2 2 2 2 2 2 2 2 2 2 2 2 2 2 2 2
 2 2 2 2 2 2 4 4 4 4 4 4 5 5 2 5 5 5 5 5 0 5 5 5 5 5 5 5 5]


Accuarcy is: %s /% 98.05825242718447


#################   Unlabeled Set  #################



   GROUPS 

CLUSTER  1 

20578946
29271604
23211900
28911804
22011734
8001324
28211982
21706501
21263000
24939608
23239255

 Noonan syndrome 


CLUSTER  2 

26908026
28442527
26306841
28837453
27724990
24813698
12598898
17487218
26607862
25669767
23788295
24555249
27181042
28383843
24311526
28716062
24443022
24931486
25911666
27090893
28385916
22705998
28580713
27862906
24081994
27662508
27343792
20351703
26526396
26350976

 Marfan's Syndrome 


CLUSTER  3 

29060458
30419062
29261648
28720066
29860495
29279609
28623644
29379197
27903974
28627089
29348408
28834269
30418046
26642845
28403077

 lung adenocarcinoma 


CLUSTER  4 

23121401
26298398
26323199
24666534
28349385
28456931
27638981
25533182
26566693
25754283
17708142
28647950
17047017
25517026

 Turner syndrome 


CLUSTER  5 

28696559
28699072
14707528
26895074
25711197
27496117
26309352

 Hereditary nonpolyposis colorectal cancer 


